<?xml version="1.0" encoding="UTF-8"?>
<!-- Generated by org.testng.reporters.JUnitReportReporter -->
<testsuite hostname="Rahuls-MacBook-Pro.local" name="com.w2a.appium.testcases.ios.StrykerTest" tests="3" failures="0" timestamp="26 Aug 2015 17:52:08 GMT" time="47.373" errors="0">
  <testcase name="TypeTest" time="10.459" classname="com.w2a.appium.testcases.ios.StrykerTest"/>
  <testcase name="drawTest" time="25.206" classname="com.w2a.appium.testcases.ios.StrykerTest"/>
  <testcase name="ExpandElement" time="11.708" classname="com.w2a.appium.testcases.ios.StrykerTest"/>
</testsuite> <!-- com.w2a.appium.testcases.ios.StrykerTest -->
