<?xml version="1.0" encoding="UTF-8"?>
<!-- Generated by org.testng.reporters.JUnitReportReporter -->
<testsuite hostname="Rahuls-MacBook-Pro.local" name="com.w2a.appium.testcases.ios.DrawLineTest" tests="3" failures="0" timestamp="26 Aug 2015 16:41:56 GMT" time="47.399" errors="0">
  <testcase name="drawTest" time="25.269" classname="com.w2a.appium.testcases.ios.DrawLineTest"/>
  <testcase name="ExpandElement" time="11.581" classname="com.w2a.appium.testcases.ios.DrawLineTest"/>
  <testcase name="TypeTest" time="10.549" classname="com.w2a.appium.testcases.ios.DrawLineTest"/>
</testsuite> <!-- com.w2a.appium.testcases.ios.DrawLineTest -->
